[debug] [2025-10-03T17:08:49.001Z] ----------------------------------------------------------------------
[debug] [2025-10-03T17:08:49.005Z] Command:       /opt/homebrew/Cellar/node@22/22.14.0/bin/node /opt/homebrew/bin/firebase apphosting:backends:create --project cortileum
[debug] [2025-10-03T17:08:49.006Z] CLI Version:   13.33.0
[debug] [2025-10-03T17:08:49.006Z] Platform:      darwin
[debug] [2025-10-03T17:08:49.006Z] Node Version:  v22.14.0
[debug] [2025-10-03T17:08:49.006Z] Time:          Fri Oct 03 2025 19:08:49 GMT+0200 (Central European Summer Time)
[debug] [2025-10-03T17:08:49.006Z] ----------------------------------------------------------------------
[debug] 
[debug] [2025-10-03T17:08:49.103Z] Object "/hosting/frameworksBackend" in "firebase.json" has unknown property: {"additionalProperty":"runtime"}
[debug] [2025-10-03T17:08:49.103Z] Field "/hosting" in "firebase.json" is possibly invalid: must be array
[debug] [2025-10-03T17:08:49.103Z] Field "/hosting" in "firebase.json" is possibly invalid: must match a schema in anyOf
[debug] [2025-10-03T17:08:49.106Z] Checked if tokens are valid: true, expires at: 1759513244366
[debug] [2025-10-03T17:08:49.106Z] Checked if tokens are valid: true, expires at: 1759513244366
[debug] [2025-10-03T17:08:49.107Z] >>> [apiv2][query] GET https://serviceusage.googleapis.com/v1/projects/cortileum/services/firebaseapphosting.googleapis.com [none]
[debug] [2025-10-03T17:08:49.107Z] >>> [apiv2][(partial)header] GET https://serviceusage.googleapis.com/v1/projects/cortileum/services/firebaseapphosting.googleapis.com x-goog-quota-user=projects/cortileum
[debug] [2025-10-03T17:08:50.170Z] <<< [apiv2][status] GET https://serviceusage.googleapis.com/v1/projects/cortileum/services/firebaseapphosting.googleapis.com 200
[debug] [2025-10-03T17:08:50.171Z] <<< [apiv2][body] GET https://serviceusage.googleapis.com/v1/projects/cortileum/services/firebaseapphosting.googleapis.com [omitted]
[debug] [2025-10-03T17:08:50.171Z] Checked if tokens are valid: true, expires at: 1759513244366
[debug] [2025-10-03T17:08:50.171Z] Checked if tokens are valid: true, expires at: 1759513244366
[debug] [2025-10-03T17:08:50.171Z] >>> [apiv2][query] GET https://mobilesdk-pa.googleapis.com/v1/accessmanagement/tos:getStatus [none]
[debug] [2025-10-03T17:08:50.432Z] <<< [apiv2][status] GET https://mobilesdk-pa.googleapis.com/v1/accessmanagement/tos:getStatus 200
[debug] [2025-10-03T17:08:50.432Z] <<< [apiv2][body] GET https://mobilesdk-pa.googleapis.com/v1/accessmanagement/tos:getStatus {"overallStatus":"ACCEPTED","uTosStatus":{"tos":{"id":"firebase","tosId":"FIREBASE_UNIVERSAL"},"status":"ACCEPTED","acceptedVersion":7},"childTosStatus":[{"tos":{"id":"cloud","tosId":"CLOUD_PLATFORM"},"status":"ACCEPTED","acceptedVersion":39},{"tos":{"id":"firebase_b2b","tosId":"FIREBASE_B2B"},"status":"ACCEPTED","acceptedVersion":1},{"tos":{"id":"universal","tosId":"GOOGLE_APIS"},"status":"ACCEPTED","acceptedVersion":6}],"termsUrl":"https://firebase.google.com/terms","perServiceStatus":[{"tosId":"APP_CHECK","serviceStatus":{"tos":{"id":"app_check","tosId":"APP_CHECK"},"status":"ACCEPTED","acceptedVersion":3}},{"tosId":"APP_HOSTING_TOS","serviceStatus":{"tos":{"id":"app_hosting","tosId":"APP_HOSTING_TOS"},"status":"ACCEPTED","acceptedVersion":3}},{"tosId":"FIREBASE_DATA_CONNECT","serviceStatus":{"tos":{"id":"data_connect","tosId":"FIREBASE_DATA_CONNECT"},"status":"ACCEPTED","acceptedVersion":3}},{"tosId":"CORE_APPS","serviceStatus":{"tos":{"id":"core_apps","tosId":"CORE_APPS"},"status":"ACCEPTED","acceptedVersion":1}},{"tosId":"VERTEX_AI_IN_FIREBASE","serviceStatus":{"tos":{"id":"vertex_ai_in_firebase","tosId":"VERTEX_AI_IN_FIREBASE"},"status":"ACCEPTED","acceptedVersion":2}},{"tosId":"FIREBASE_CRASHLYTICS_APP_DISTRIBUTION","serviceStatus":{"tos":{"id":"firebase_crashlytics_app_distribution","tosId":"FIREBASE_CRASHLYTICS_APP_DISTRIBUTION"},"status":"ACCEPTED","acceptedVersion":4}},{"tosId":"GENERATIVE_LANGUAGE","serviceStatus":{"tos":{"id":"generative-language-api","tosId":"GENERATIVE_LANGUAGE"},"status":"NEVER_ACCEPTED","acceptedVersion":3}}]}
[debug] [2025-10-03T17:08:50.433Z] Checked if tokens are valid: true, expires at: 1759513244366
[debug] [2025-10-03T17:08:50.433Z] Checked if tokens are valid: true, expires at: 1759513244366
[debug] [2025-10-03T17:08:50.434Z] Checked if tokens are valid: true, expires at: 1759513244366
[debug] [2025-10-03T17:08:50.434Z] Checked if tokens are valid: true, expires at: 1759513244366
[debug] [2025-10-03T17:08:50.434Z] Checked if tokens are valid: true, expires at: 1759513244366
[debug] [2025-10-03T17:08:50.434Z] Checked if tokens are valid: true, expires at: 1759513244366
[debug] [2025-10-03T17:08:50.434Z] Checked if tokens are valid: true, expires at: 1759513244366
[debug] [2025-10-03T17:08:50.434Z] Checked if tokens are valid: true, expires at: 1759513244366
[debug] [2025-10-03T17:08:50.434Z] Checked if tokens are valid: true, expires at: 1759513244366
[debug] [2025-10-03T17:08:50.434Z] Checked if tokens are valid: true, expires at: 1759513244366
[debug] [2025-10-03T17:08:50.434Z] Checked if tokens are valid: true, expires at: 1759513244366
[debug] [2025-10-03T17:08:50.434Z] Checked if tokens are valid: true, expires at: 1759513244366
[debug] [2025-10-03T17:08:50.435Z] >>> [apiv2][query] GET https://serviceusage.googleapis.com/v1/projects/cortileum/services/developerconnect.googleapis.com [none]
[debug] [2025-10-03T17:08:50.435Z] >>> [apiv2][(partial)header] GET https://serviceusage.googleapis.com/v1/projects/cortileum/services/developerconnect.googleapis.com x-goog-quota-user=projects/cortileum
[debug] [2025-10-03T17:08:50.435Z] >>> [apiv2][query] GET https://serviceusage.googleapis.com/v1/projects/cortileum/services/cloudbuild.googleapis.com [none]
[debug] [2025-10-03T17:08:50.436Z] >>> [apiv2][(partial)header] GET https://serviceusage.googleapis.com/v1/projects/cortileum/services/cloudbuild.googleapis.com x-goog-quota-user=projects/cortileum
[debug] [2025-10-03T17:08:50.437Z] >>> [apiv2][query] GET https://serviceusage.googleapis.com/v1/projects/cortileum/services/secretmanager.googleapis.com [none]
[debug] [2025-10-03T17:08:50.438Z] >>> [apiv2][(partial)header] GET https://serviceusage.googleapis.com/v1/projects/cortileum/services/secretmanager.googleapis.com x-goog-quota-user=projects/cortileum
[debug] [2025-10-03T17:08:50.439Z] >>> [apiv2][query] GET https://serviceusage.googleapis.com/v1/projects/cortileum/services/run.googleapis.com [none]
[debug] [2025-10-03T17:08:50.439Z] >>> [apiv2][(partial)header] GET https://serviceusage.googleapis.com/v1/projects/cortileum/services/run.googleapis.com x-goog-quota-user=projects/cortileum
[debug] [2025-10-03T17:08:50.440Z] >>> [apiv2][query] GET https://serviceusage.googleapis.com/v1/projects/cortileum/services/artifactregistry.googleapis.com [none]
[debug] [2025-10-03T17:08:50.440Z] >>> [apiv2][(partial)header] GET https://serviceusage.googleapis.com/v1/projects/cortileum/services/artifactregistry.googleapis.com x-goog-quota-user=projects/cortileum
[debug] [2025-10-03T17:08:50.442Z] >>> [apiv2][query] GET https://serviceusage.googleapis.com/v1/projects/cortileum/services/iam.googleapis.com [none]
[debug] [2025-10-03T17:08:50.442Z] >>> [apiv2][(partial)header] GET https://serviceusage.googleapis.com/v1/projects/cortileum/services/iam.googleapis.com x-goog-quota-user=projects/cortileum
[debug] [2025-10-03T17:08:50.772Z] <<< [apiv2][status] GET https://serviceusage.googleapis.com/v1/projects/cortileum/services/developerconnect.googleapis.com 200
[debug] [2025-10-03T17:08:50.773Z] <<< [apiv2][body] GET https://serviceusage.googleapis.com/v1/projects/cortileum/services/developerconnect.googleapis.com [omitted]
[debug] [2025-10-03T17:08:51.383Z] <<< [apiv2][status] GET https://serviceusage.googleapis.com/v1/projects/cortileum/services/secretmanager.googleapis.com 200
[debug] [2025-10-03T17:08:51.383Z] <<< [apiv2][body] GET https://serviceusage.googleapis.com/v1/projects/cortileum/services/secretmanager.googleapis.com [omitted]
[debug] [2025-10-03T17:08:51.384Z] <<< [apiv2][status] GET https://serviceusage.googleapis.com/v1/projects/cortileum/services/cloudbuild.googleapis.com 200
[debug] [2025-10-03T17:08:51.384Z] <<< [apiv2][body] GET https://serviceusage.googleapis.com/v1/projects/cortileum/services/cloudbuild.googleapis.com [omitted]
[debug] [2025-10-03T17:08:51.384Z] <<< [apiv2][status] GET https://serviceusage.googleapis.com/v1/projects/cortileum/services/run.googleapis.com 200
[debug] [2025-10-03T17:08:51.384Z] <<< [apiv2][body] GET https://serviceusage.googleapis.com/v1/projects/cortileum/services/run.googleapis.com [omitted]
[debug] [2025-10-03T17:08:51.385Z] <<< [apiv2][status] GET https://serviceusage.googleapis.com/v1/projects/cortileum/services/iam.googleapis.com 200
[debug] [2025-10-03T17:08:51.385Z] <<< [apiv2][body] GET https://serviceusage.googleapis.com/v1/projects/cortileum/services/iam.googleapis.com [omitted]
[debug] [2025-10-03T17:08:51.385Z] <<< [apiv2][status] GET https://serviceusage.googleapis.com/v1/projects/cortileum/services/artifactregistry.googleapis.com 200
[debug] [2025-10-03T17:08:51.385Z] <<< [apiv2][body] GET https://serviceusage.googleapis.com/v1/projects/cortileum/services/artifactregistry.googleapis.com [omitted]
[debug] [2025-10-03T17:08:51.385Z] Checked if tokens are valid: true, expires at: 1759513244366
[debug] [2025-10-03T17:08:51.385Z] Checked if tokens are valid: true, expires at: 1759513244366
[debug] [2025-10-03T17:08:51.385Z] >>> [apiv2][query] POST https://iam.googleapis.com/v1/projects/cortileum/serviceAccounts/firebase-app-hosting-compute@cortileum.iam.gserviceaccount.com:testIamPermissions [none]
[debug] [2025-10-03T17:08:51.385Z] >>> [apiv2][(partial)header] POST https://iam.googleapis.com/v1/projects/cortileum/serviceAccounts/firebase-app-hosting-compute@cortileum.iam.gserviceaccount.com:testIamPermissions x-goog-quota-user=projects/cortileum
[debug] [2025-10-03T17:08:51.385Z] >>> [apiv2][body] POST https://iam.googleapis.com/v1/projects/cortileum/serviceAccounts/firebase-app-hosting-compute@cortileum.iam.gserviceaccount.com:testIamPermissions {"permissions":["iam.serviceAccounts.actAs"]}
[debug] [2025-10-03T17:08:52.206Z] <<< [apiv2][status] POST https://iam.googleapis.com/v1/projects/cortileum/serviceAccounts/firebase-app-hosting-compute@cortileum.iam.gserviceaccount.com:testIamPermissions 200
[debug] [2025-10-03T17:08:52.207Z] <<< [apiv2][body] POST https://iam.googleapis.com/v1/projects/cortileum/serviceAccounts/firebase-app-hosting-compute@cortileum.iam.gserviceaccount.com:testIamPermissions {"permissions":["iam.serviceAccounts.actAs"]}
[debug] [2025-10-03T17:08:52.208Z] Checked if tokens are valid: true, expires at: 1759513244366
[debug] [2025-10-03T17:08:52.208Z] Checked if tokens are valid: true, expires at: 1759513244366
[debug] [2025-10-03T17:08:52.208Z] >>> [apiv2][query] GET https://firebaseapphosting.googleapis.com/v1beta/projects/cortileum/locations 
[debug] [2025-10-03T17:08:53.032Z] <<< [apiv2][status] GET https://firebaseapphosting.googleapis.com/v1beta/projects/cortileum/locations 200
[debug] [2025-10-03T17:08:53.033Z] <<< [apiv2][body] GET https://firebaseapphosting.googleapis.com/v1beta/projects/cortileum/locations {"locations":[{"name":"projects/cortileum/locations/asia-east1","locationId":"asia-east1","displayName":"Taiwan"},{"name":"projects/cortileum/locations/asia-southeast1","locationId":"asia-southeast1","displayName":"Singapore"},{"name":"projects/cortileum/locations/europe-west4","locationId":"europe-west4","displayName":"Netherlands"},{"name":"projects/cortileum/locations/us-central1","locationId":"us-central1","displayName":"Iowa"},{"name":"projects/cortileum/locations/us-east4","locationId":"us-east4","displayName":"Northern Virginia"},{"name":"projects/cortileum/locations/us-east5","locationId":"us-east5","displayName":"Columbus"}]}
[debug] [2025-10-03T17:08:53.033Z] Checked if tokens are valid: true, expires at: 1759513244366
[debug] [2025-10-03T17:08:53.033Z] Checked if tokens are valid: true, expires at: 1759513244366
[debug] [2025-10-03T17:08:53.033Z] >>> [apiv2][query] GET https://firebaseapphosting.googleapis.com/v1beta/projects/cortileum/locations 
[debug] [2025-10-03T17:08:53.227Z] <<< [apiv2][status] GET https://firebaseapphosting.googleapis.com/v1beta/projects/cortileum/locations 200
[debug] [2025-10-03T17:08:53.227Z] <<< [apiv2][body] GET https://firebaseapphosting.googleapis.com/v1beta/projects/cortileum/locations {"locations":[{"name":"projects/cortileum/locations/asia-east1","locationId":"asia-east1","displayName":"Taiwan"},{"name":"projects/cortileum/locations/asia-southeast1","locationId":"asia-southeast1","displayName":"Singapore"},{"name":"projects/cortileum/locations/europe-west4","locationId":"europe-west4","displayName":"Netherlands"},{"name":"projects/cortileum/locations/us-central1","locationId":"us-central1","displayName":"Iowa"},{"name":"projects/cortileum/locations/us-east4","locationId":"us-east4","displayName":"Northern Virginia"},{"name":"projects/cortileum/locations/us-east5","locationId":"us-east5","displayName":"Columbus"}]}
[info] ✔  Location set to europe-west4.
 
[info] i  === Import a GitHub repository 
[debug] [2025-10-03T17:08:55.095Z] Checked if tokens are valid: true, expires at: 1759513244366
[debug] [2025-10-03T17:08:55.095Z] Checked if tokens are valid: true, expires at: 1759513244366
[debug] [2025-10-03T17:08:55.095Z] >>> [apiv2][query] GET https://developerconnect.googleapis.com/v1/projects/cortileum/locations/europe-west4/connections/firebase-app-hosting-github-oauth [none]
[debug] [2025-10-03T17:08:55.337Z] <<< [apiv2][status] GET https://developerconnect.googleapis.com/v1/projects/cortileum/locations/europe-west4/connections/firebase-app-hosting-github-oauth 404
[debug] [2025-10-03T17:08:55.338Z] <<< [apiv2][body] GET https://developerconnect.googleapis.com/v1/projects/cortileum/locations/europe-west4/connections/firebase-app-hosting-github-oauth {"error":{"code":404,"message":"Resource 'projects/cortileum/locations/europe-west4/connections/firebase-app-hosting-github-oauth' was not found","status":"NOT_FOUND","details":[{"@type":"type.googleapis.com/google.rpc.ResourceInfo","resourceName":"projects/cortileum/locations/europe-west4/connections/firebase-app-hosting-github-oauth"}]}}
[debug] [2025-10-03T17:08:55.340Z] Checked if tokens are valid: true, expires at: 1759513244366
[debug] [2025-10-03T17:08:55.340Z] Checked if tokens are valid: true, expires at: 1759513244366
[debug] [2025-10-03T17:08:55.340Z] >>> [apiv2][query] GET https://cloudresourcemanager.googleapis.com/v1/projects/cortileum [none]
[debug] [2025-10-03T17:08:55.588Z] <<< [apiv2][status] GET https://cloudresourcemanager.googleapis.com/v1/projects/cortileum 200
[debug] [2025-10-03T17:08:55.588Z] <<< [apiv2][body] GET https://cloudresourcemanager.googleapis.com/v1/projects/cortileum {"projectNumber":"640767023039","projectId":"cortileum","lifecycleState":"ACTIVE","name":"cortileum","labels":{"firebase":"enabled","firebase-core":"disabled"},"createTime":"2025-09-25T08:46:05.540139Z"}
[debug] [2025-10-03T17:08:55.589Z] Checked if tokens are valid: true, expires at: 1759513244366
[debug] [2025-10-03T17:08:55.589Z] Checked if tokens are valid: true, expires at: 1759513244366
[debug] [2025-10-03T17:08:55.589Z] >>> [apiv2][query] POST https://cloudresourcemanager.googleapis.com/v1/projects/cortileum:getIamPolicy [none]
[debug] [2025-10-03T17:08:56.161Z] <<< [apiv2][status] POST https://cloudresourcemanager.googleapis.com/v1/projects/cortileum:getIamPolicy 200
[debug] [2025-10-03T17:08:56.161Z] <<< [apiv2][body] POST https://cloudresourcemanager.googleapis.com/v1/projects/cortileum:getIamPolicy {"version":1,"etag":"BwZARANzpbU=","bindings":[{"role":"roles/cloudbuild.builds.builder","members":["serviceAccount:640767023039@cloudbuild.gserviceaccount.com"]},{"role":"roles/cloudbuild.serviceAgent","members":["serviceAccount:service-640767023039@gcp-sa-cloudbuild.iam.gserviceaccount.com"]},{"role":"roles/containerregistry.ServiceAgent","members":["serviceAccount:service-640767023039@containerregistry.iam.gserviceaccount.com"]},{"role":"roles/editor","members":["serviceAccount:640767023039-compute@developer.gserviceaccount.com"]},{"role":"roles/firebase.managementServiceAgent","members":["serviceAccount:service-640767023039@gcp-sa-firebase.iam.gserviceaccount.com"]},{"role":"roles/firebase.sdkAdminServiceAgent","members":["serviceAccount:firebase-adminsdk-fbsvc@cortileum.iam.gserviceaccount.com"]},{"role":"roles/firebaserules.system","members":["serviceAccount:service-640767023039@firebase-rules.iam.gserviceaccount.com"]},{"role":"roles/firestore.serviceAgent","members":["serviceAccount:service-640767023039@gcp-sa-firestore.iam.gserviceaccount.com"]},{"role":"roles/iam.serviceAccountTokenCreator","members":["serviceAccount:firebase-adminsdk-fbsvc@cortileum.iam.gserviceaccount.com"]},{"role":"roles/owner","members":["user:fabioferrero1987@gmail.com"]},{"role":"roles/run.serviceAgent","members":["serviceAccount:service-640767023039@serverless-robot-prod.iam.gserviceaccount.com"]}]}
[info] i  To create a new GitHub connection, Secret Manager Admin role (roles/secretmanager.admin) is required on the Developer Connect Service Agent. 
[debug] [2025-10-03T17:08:57.008Z] Checked if tokens are valid: true, expires at: 1759513244366
[debug] [2025-10-03T17:08:57.008Z] Checked if tokens are valid: true, expires at: 1759513244366
[debug] [2025-10-03T17:08:57.008Z] >>> [apiv2][query] POST https://cloudresourcemanager.googleapis.com/v1/projects/cortileum:getIamPolicy [none]
[debug] [2025-10-03T17:08:57.247Z] <<< [apiv2][status] POST https://cloudresourcemanager.googleapis.com/v1/projects/cortileum:getIamPolicy 200
[debug] [2025-10-03T17:08:57.247Z] <<< [apiv2][body] POST https://cloudresourcemanager.googleapis.com/v1/projects/cortileum:getIamPolicy {"version":1,"etag":"BwZARANzpbU=","bindings":[{"role":"roles/cloudbuild.builds.builder","members":["serviceAccount:640767023039@cloudbuild.gserviceaccount.com"]},{"role":"roles/cloudbuild.serviceAgent","members":["serviceAccount:service-640767023039@gcp-sa-cloudbuild.iam.gserviceaccount.com"]},{"role":"roles/containerregistry.ServiceAgent","members":["serviceAccount:service-640767023039@containerregistry.iam.gserviceaccount.com"]},{"role":"roles/editor","members":["serviceAccount:640767023039-compute@developer.gserviceaccount.com"]},{"role":"roles/firebase.managementServiceAgent","members":["serviceAccount:service-640767023039@gcp-sa-firebase.iam.gserviceaccount.com"]},{"role":"roles/firebase.sdkAdminServiceAgent","members":["serviceAccount:firebase-adminsdk-fbsvc@cortileum.iam.gserviceaccount.com"]},{"role":"roles/firebaserules.system","members":["serviceAccount:service-640767023039@firebase-rules.iam.gserviceaccount.com"]},{"role":"roles/firestore.serviceAgent","members":["serviceAccount:service-640767023039@gcp-sa-firestore.iam.gserviceaccount.com"]},{"role":"roles/iam.serviceAccountTokenCreator","members":["serviceAccount:firebase-adminsdk-fbsvc@cortileum.iam.gserviceaccount.com"]},{"role":"roles/owner","members":["user:fabioferrero1987@gmail.com"]},{"role":"roles/run.serviceAgent","members":["serviceAccount:service-640767023039@serverless-robot-prod.iam.gserviceaccount.com"]}]}
[debug] [2025-10-03T17:08:57.249Z] Checked if tokens are valid: true, expires at: 1759513244366
[debug] [2025-10-03T17:08:57.249Z] Checked if tokens are valid: true, expires at: 1759513244366
[debug] [2025-10-03T17:08:57.249Z] >>> [apiv2][query] POST https://cloudresourcemanager.googleapis.com/v1/projects/cortileum:setIamPolicy [none]
[debug] [2025-10-03T17:08:57.249Z] >>> [apiv2][body] POST https://cloudresourcemanager.googleapis.com/v1/projects/cortileum:setIamPolicy {"policy":{"version":1,"etag":"BwZARANzpbU=","bindings":[{"role":"roles/cloudbuild.builds.builder","members":["serviceAccount:640767023039@cloudbuild.gserviceaccount.com"]},{"role":"roles/cloudbuild.serviceAgent","members":["serviceAccount:service-640767023039@gcp-sa-cloudbuild.iam.gserviceaccount.com"]},{"role":"roles/containerregistry.ServiceAgent","members":["serviceAccount:service-640767023039@containerregistry.iam.gserviceaccount.com"]},{"role":"roles/editor","members":["serviceAccount:640767023039-compute@developer.gserviceaccount.com"]},{"role":"roles/firebase.managementServiceAgent","members":["serviceAccount:service-640767023039@gcp-sa-firebase.iam.gserviceaccount.com"]},{"role":"roles/firebase.sdkAdminServiceAgent","members":["serviceAccount:firebase-adminsdk-fbsvc@cortileum.iam.gserviceaccount.com"]},{"role":"roles/firebaserules.system","members":["serviceAccount:service-640767023039@firebase-rules.iam.gserviceaccount.com"]},{"role":"roles/firestore.serviceAgent","members":["serviceAccount:service-640767023039@gcp-sa-firestore.iam.gserviceaccount.com"]},{"role":"roles/iam.serviceAccountTokenCreator","members":["serviceAccount:firebase-adminsdk-fbsvc@cortileum.iam.gserviceaccount.com"]},{"role":"roles/owner","members":["user:fabioferrero1987@gmail.com"]},{"role":"roles/run.serviceAgent","members":["serviceAccount:service-640767023039@serverless-robot-prod.iam.gserviceaccount.com"]},{"role":"roles/secretmanager.admin","members":["serviceAccount:service-640767023039@gcp-sa-devconnect.iam.gserviceaccount.com"]}]},"updateMask":"bindings"}
[debug] [2025-10-03T17:08:58.401Z] <<< [apiv2][status] POST https://cloudresourcemanager.googleapis.com/v1/projects/cortileum:setIamPolicy 200
[debug] [2025-10-03T17:08:58.402Z] <<< [apiv2][body] POST https://cloudresourcemanager.googleapis.com/v1/projects/cortileum:setIamPolicy {"version":1,"etag":"BwZARChM45M=","bindings":[{"role":"roles/cloudbuild.builds.builder","members":["serviceAccount:640767023039@cloudbuild.gserviceaccount.com"]},{"role":"roles/cloudbuild.serviceAgent","members":["serviceAccount:service-640767023039@gcp-sa-cloudbuild.iam.gserviceaccount.com"]},{"role":"roles/containerregistry.ServiceAgent","members":["serviceAccount:service-640767023039@containerregistry.iam.gserviceaccount.com"]},{"role":"roles/editor","members":["serviceAccount:640767023039-compute@developer.gserviceaccount.com"]},{"role":"roles/firebase.managementServiceAgent","members":["serviceAccount:service-640767023039@gcp-sa-firebase.iam.gserviceaccount.com"]},{"role":"roles/firebase.sdkAdminServiceAgent","members":["serviceAccount:firebase-adminsdk-fbsvc@cortileum.iam.gserviceaccount.com"]},{"role":"roles/firebaserules.system","members":["serviceAccount:service-640767023039@firebase-rules.iam.gserviceaccount.com"]},{"role":"roles/firestore.serviceAgent","members":["serviceAccount:service-640767023039@gcp-sa-firestore.iam.gserviceaccount.com"]},{"role":"roles/iam.serviceAccountTokenCreator","members":["serviceAccount:firebase-adminsdk-fbsvc@cortileum.iam.gserviceaccount.com"]},{"role":"roles/owner","members":["user:fabioferrero1987@gmail.com"]},{"role":"roles/run.serviceAgent","members":["serviceAccount:service-640767023039@serverless-robot-prod.iam.gserviceaccount.com"]},{"role":"roles/secretmanager.admin","members":["serviceAccount:service-640767023039@gcp-sa-devconnect.iam.gserviceaccount.com"]}]}
[info] ✔  Successfully granted the required role to the Developer Connect Service Agent!
 
[debug] [2025-10-03T17:08:58.403Z] Checked if tokens are valid: true, expires at: 1759513244366
[debug] [2025-10-03T17:08:58.403Z] Checked if tokens are valid: true, expires at: 1759513244366
[debug] [2025-10-03T17:08:58.404Z] >>> [apiv2][query] POST https://developerconnect.googleapis.com/v1/projects/cortileum/locations/europe-west4/connections connectionId=firebase-app-hosting-github-oauth
[debug] [2025-10-03T17:08:58.404Z] >>> [apiv2][body] POST https://developerconnect.googleapis.com/v1/projects/cortileum/locations/europe-west4/connections {"githubConfig":{"githubApp":"FIREBASE"}}
[debug] [2025-10-03T17:09:00.292Z] <<< [apiv2][status] POST https://developerconnect.googleapis.com/v1/projects/cortileum/locations/europe-west4/connections 200
[debug] [2025-10-03T17:09:00.293Z] <<< [apiv2][body] POST https://developerconnect.googleapis.com/v1/projects/cortileum/locations/europe-west4/connections {"name":"projects/cortileum/locations/europe-west4/operations/operation-1759511338507-64044284f5c63-410e625f-c6acb67d","metadata":{"@type":"type.googleapis.com/google.cloud.developerconnect.v1.OperationMetadata","createTime":"2025-10-03T17:09:00.300616855Z","target":"projects/cortileum/locations/europe-west4/connections/firebase-app-hosting-github-oauth","verb":"create","requestedCancellation":false,"apiVersion":"v1"},"done":false}
[debug] [2025-10-03T17:09:00.295Z] Checked if tokens are valid: true, expires at: 1759513244366
[debug] [2025-10-03T17:09:00.295Z] Checked if tokens are valid: true, expires at: 1759513244366
[debug] [2025-10-03T17:09:00.295Z] >>> [apiv2][query] GET https://developerconnect.googleapis.com/v1/projects/cortileum/locations/europe-west4/operations/operation-1759511338507-64044284f5c63-410e625f-c6acb67d [none]
[debug] [2025-10-03T17:09:00.365Z] <<< [apiv2][status] GET https://developerconnect.googleapis.com/v1/projects/cortileum/locations/europe-west4/operations/operation-1759511338507-64044284f5c63-410e625f-c6acb67d 200
[debug] [2025-10-03T17:09:00.366Z] <<< [apiv2][body] GET https://developerconnect.googleapis.com/v1/projects/cortileum/locations/europe-west4/operations/operation-1759511338507-64044284f5c63-410e625f-c6acb67d {"name":"projects/cortileum/locations/europe-west4/operations/operation-1759511338507-64044284f5c63-410e625f-c6acb67d","metadata":{"@type":"type.googleapis.com/google.cloud.developerconnect.v1.OperationMetadata","createTime":"2025-10-03T17:09:00.300616855Z","endTime":"2025-10-03T17:09:00.327080654Z","target":"projects/cortileum/locations/europe-west4/connections/firebase-app-hosting-github-oauth","verb":"create","requestedCancellation":false,"apiVersion":"v1"},"done":true,"response":{"@type":"type.googleapis.com/google.cloud.developerconnect.v1.Connection","name":"projects/cortileum/locations/europe-west4/connections/firebase-app-hosting-github-oauth","createTime":"2025-10-03T17:09:00.297143515Z","updateTime":"2025-10-03T17:09:00.297143515Z","githubConfig":{"githubApp":"FIREBASE"},"installationState":{"stage":"PENDING_USER_OAUTH","message":"Please log in to https://github.com using a robot account and then follow this link to authorize Developer Connect to access that account. After authorization, your GitHub authorization token will be stored in Cloud Secret Manager.","actionUri":"https://accounts.google.com/AccountChooser?continue=https%3A%2F%2Fconsole.cloud.google.com%2Fdeveloper-connect%2Ffinish-setup%3Fstate%3D%257B%2522connection%2522%253A%2B%2522projects%252Fcortileum%252Flocations%252Feurope-west4%252Fconnections%252Ffirebase-app-hosting-github-oauth%2522%257D"},"uid":"4cb42ae6-11d3-4595-a01e-617b0c7ffdcf"}}
[info] i  Please authorize the Firebase GitHub app by visiting this url: 
[info] i  	http://localhost:9005 
[debug] [2025-10-03T17:09:49.207Z] Checked if tokens are valid: true, expires at: 1759513244366
[debug] [2025-10-03T17:09:49.208Z] Checked if tokens are valid: true, expires at: 1759513244366
[debug] [2025-10-03T17:09:49.208Z] >>> [apiv2][query] GET https://developerconnect.googleapis.com/v1/projects/cortileum/locations/europe-west4/connections/firebase-app-hosting-github-oauth [none]
[debug] [2025-10-03T17:09:49.400Z] <<< [apiv2][status] GET https://developerconnect.googleapis.com/v1/projects/cortileum/locations/europe-west4/connections/firebase-app-hosting-github-oauth 200
[debug] [2025-10-03T17:09:49.400Z] <<< [apiv2][body] GET https://developerconnect.googleapis.com/v1/projects/cortileum/locations/europe-west4/connections/firebase-app-hosting-github-oauth {"name":"projects/cortileum/locations/europe-west4/connections/firebase-app-hosting-github-oauth","createTime":"2025-10-03T17:09:00.297143515Z","updateTime":"2025-10-03T17:09:37.527132399Z","githubConfig":{"githubApp":"FIREBASE","authorizerCredential":{"oauthTokenSecretVersion":"projects/cortileum/secrets/firebase-app-hosting-github-oauth-github-oauthtoken-9b81dc/versions/latest","username":"ferrefabio1987"},"appInstallationId":"88580244","installationUri":"https://github.com/settings/installations/88580244"},"installationState":{"stage":"COMPLETE"},"uid":"4cb42ae6-11d3-4595-a01e-617b0c7ffdcf"}
[info] ✔  Connected with GitHub successfully
 
[debug] [2025-10-03T17:09:49.401Z] Checked if tokens are valid: true, expires at: 1759513244366
[debug] [2025-10-03T17:09:49.401Z] Checked if tokens are valid: true, expires at: 1759513244366
[debug] [2025-10-03T17:09:49.401Z] >>> [apiv2][query] GET https://developerconnect.googleapis.com/v1/projects/cortileum/locations/europe-west4/connections/firebase-app-hosting-github-oauth:fetchGitHubInstallations [none]
[debug] [2025-10-03T17:09:49.957Z] <<< [apiv2][status] GET https://developerconnect.googleapis.com/v1/projects/cortileum/locations/europe-west4/connections/firebase-app-hosting-github-oauth:fetchGitHubInstallations 200
[debug] [2025-10-03T17:09:49.957Z] <<< [apiv2][body] GET https://developerconnect.googleapis.com/v1/projects/cortileum/locations/europe-west4/connections/firebase-app-hosting-github-oauth:fetchGitHubInstallations {"installations":[{"id":"88580244","name":"ferrefabio1987","type":"user"}]}
[debug] [2025-10-03T17:09:54.094Z] Checked if tokens are valid: true, expires at: 1759513244366
[debug] [2025-10-03T17:09:54.095Z] Checked if tokens are valid: true, expires at: 1759513244366
[debug] [2025-10-03T17:09:54.095Z] >>> [apiv2][query] GET https://developerconnect.googleapis.com/v1/projects/cortileum/locations/europe-west4/connections pageSize=1000&pageToken=
[debug] [2025-10-03T17:09:54.175Z] <<< [apiv2][status] GET https://developerconnect.googleapis.com/v1/projects/cortileum/locations/europe-west4/connections 200
[debug] [2025-10-03T17:09:54.176Z] <<< [apiv2][body] GET https://developerconnect.googleapis.com/v1/projects/cortileum/locations/europe-west4/connections {"connections":[{"name":"projects/cortileum/locations/europe-west4/connections/firebase-app-hosting-github-oauth","createTime":"2025-10-03T17:09:00.297143515Z","updateTime":"2025-10-03T17:09:37.527132399Z","githubConfig":{"githubApp":"FIREBASE","authorizerCredential":{"oauthTokenSecretVersion":"projects/cortileum/secrets/firebase-app-hosting-github-oauth-github-oauthtoken-9b81dc/versions/latest","username":"ferrefabio1987"},"appInstallationId":"88580244","installationUri":"https://github.com/settings/installations/88580244"},"installationState":{"stage":"COMPLETE"},"uid":"4cb42ae6-11d3-4595-a01e-617b0c7ffdcf"}]}
[debug] [2025-10-03T17:09:54.177Z] Checked if tokens are valid: true, expires at: 1759513244366
[debug] [2025-10-03T17:09:54.177Z] Checked if tokens are valid: true, expires at: 1759513244366
[debug] [2025-10-03T17:09:54.177Z] >>> [apiv2][query] POST https://developerconnect.googleapis.com/v1/projects/cortileum/locations/europe-west4/connections connectionId=apphosting-github-conn-dpb0lo
[debug] [2025-10-03T17:09:54.177Z] >>> [apiv2][body] POST https://developerconnect.googleapis.com/v1/projects/cortileum/locations/europe-west4/connections {"githubConfig":{"appInstallationId":"88580244","authorizerCredential":{"oauthTokenSecretVersion":"projects/cortileum/secrets/firebase-app-hosting-github-oauth-github-oauthtoken-9b81dc/versions/latest","username":"ferrefabio1987"},"githubApp":"FIREBASE"}}
[debug] [2025-10-03T17:09:54.284Z] <<< [apiv2][status] POST https://developerconnect.googleapis.com/v1/projects/cortileum/locations/europe-west4/connections 200
[debug] [2025-10-03T17:09:54.285Z] <<< [apiv2][body] POST https://developerconnect.googleapis.com/v1/projects/cortileum/locations/europe-west4/connections {"name":"projects/cortileum/locations/europe-west4/operations/operation-1759511394251-640442ba1f2a2-68e77523-0794dcec","metadata":{"@type":"type.googleapis.com/google.cloud.developerconnect.v1.OperationMetadata","createTime":"2025-10-03T17:09:54.295792497Z","target":"projects/cortileum/locations/europe-west4/connections/apphosting-github-conn-dpb0lo","verb":"create","requestedCancellation":false,"apiVersion":"v1"},"done":false}
[debug] [2025-10-03T17:09:54.285Z] Checked if tokens are valid: true, expires at: 1759513244366
[debug] [2025-10-03T17:09:54.285Z] Checked if tokens are valid: true, expires at: 1759513244366
[debug] [2025-10-03T17:09:54.286Z] >>> [apiv2][query] GET https://developerconnect.googleapis.com/v1/projects/cortileum/locations/europe-west4/operations/operation-1759511394251-640442ba1f2a2-68e77523-0794dcec [none]
[debug] [2025-10-03T17:09:54.337Z] <<< [apiv2][status] GET https://developerconnect.googleapis.com/v1/projects/cortileum/locations/europe-west4/operations/operation-1759511394251-640442ba1f2a2-68e77523-0794dcec 200
[debug] [2025-10-03T17:09:54.338Z] <<< [apiv2][body] GET https://developerconnect.googleapis.com/v1/projects/cortileum/locations/europe-west4/operations/operation-1759511394251-640442ba1f2a2-68e77523-0794dcec {"name":"projects/cortileum/locations/europe-west4/operations/operation-1759511394251-640442ba1f2a2-68e77523-0794dcec","metadata":{"@type":"type.googleapis.com/google.cloud.developerconnect.v1.OperationMetadata","createTime":"2025-10-03T17:09:54.295792497Z","target":"projects/cortileum/locations/europe-west4/connections/apphosting-github-conn-dpb0lo","verb":"create","requestedCancellation":false,"apiVersion":"v1"},"done":false}
[debug] [2025-10-03T17:09:54.840Z] [create-europe-west4-apphosting-github-conn-dpb0lo] Retrying task index 0
[debug] [2025-10-03T17:09:54.841Z] Checked if tokens are valid: true, expires at: 1759513244366
[debug] [2025-10-03T17:09:54.841Z] Checked if tokens are valid: true, expires at: 1759513244366
[debug] [2025-10-03T17:09:54.841Z] >>> [apiv2][query] GET https://developerconnect.googleapis.com/v1/projects/cortileum/locations/europe-west4/operations/operation-1759511394251-640442ba1f2a2-68e77523-0794dcec [none]
[debug] [2025-10-03T17:09:54.895Z] <<< [apiv2][status] GET https://developerconnect.googleapis.com/v1/projects/cortileum/locations/europe-west4/operations/operation-1759511394251-640442ba1f2a2-68e77523-0794dcec 200
[debug] [2025-10-03T17:09:54.896Z] <<< [apiv2][body] GET https://developerconnect.googleapis.com/v1/projects/cortileum/locations/europe-west4/operations/operation-1759511394251-640442ba1f2a2-68e77523-0794dcec {"name":"projects/cortileum/locations/europe-west4/operations/operation-1759511394251-640442ba1f2a2-68e77523-0794dcec","metadata":{"@type":"type.googleapis.com/google.cloud.developerconnect.v1.OperationMetadata","createTime":"2025-10-03T17:09:54.295792497Z","target":"projects/cortileum/locations/europe-west4/connections/apphosting-github-conn-dpb0lo","verb":"create","requestedCancellation":false,"apiVersion":"v1"},"done":false}
[debug] [2025-10-03T17:09:55.897Z] [create-europe-west4-apphosting-github-conn-dpb0lo] Retrying task index 0
[debug] [2025-10-03T17:09:55.898Z] Checked if tokens are valid: true, expires at: 1759513244366
[debug] [2025-10-03T17:09:55.899Z] Checked if tokens are valid: true, expires at: 1759513244366
[debug] [2025-10-03T17:09:55.899Z] >>> [apiv2][query] GET https://developerconnect.googleapis.com/v1/projects/cortileum/locations/europe-west4/operations/operation-1759511394251-640442ba1f2a2-68e77523-0794dcec [none]
[debug] [2025-10-03T17:09:55.955Z] <<< [apiv2][status] GET https://developerconnect.googleapis.com/v1/projects/cortileum/locations/europe-west4/operations/operation-1759511394251-640442ba1f2a2-68e77523-0794dcec 200
[debug] [2025-10-03T17:09:55.956Z] <<< [apiv2][body] GET https://developerconnect.googleapis.com/v1/projects/cortileum/locations/europe-west4/operations/operation-1759511394251-640442ba1f2a2-68e77523-0794dcec {"name":"projects/cortileum/locations/europe-west4/operations/operation-1759511394251-640442ba1f2a2-68e77523-0794dcec","metadata":{"@type":"type.googleapis.com/google.cloud.developerconnect.v1.OperationMetadata","createTime":"2025-10-03T17:09:54.295792497Z","endTime":"2025-10-03T17:09:55.247326848Z","target":"projects/cortileum/locations/europe-west4/connections/apphosting-github-conn-dpb0lo","verb":"create","requestedCancellation":false,"apiVersion":"v1"},"done":true,"response":{"@type":"type.googleapis.com/google.cloud.developerconnect.v1.Connection","name":"projects/cortileum/locations/europe-west4/connections/apphosting-github-conn-dpb0lo","createTime":"2025-10-03T17:09:54.292111247Z","updateTime":"2025-10-03T17:09:54.292111247Z","githubConfig":{"githubApp":"FIREBASE","authorizerCredential":{"oauthTokenSecretVersion":"projects/cortileum/secrets/firebase-app-hosting-github-oauth-github-oauthtoken-9b81dc/versions/latest","username":"ferrefabio1987"},"appInstallationId":"88580244","installationUri":"https://github.com/settings/installations/88580244"},"installationState":{"stage":"COMPLETE"},"uid":"a4173ed1-08ce-42e9-a6fe-c1d32c865cfc"}}
[debug] [2025-10-03T17:09:55.956Z] Checked if tokens are valid: true, expires at: 1759513244366
[debug] [2025-10-03T17:09:55.956Z] Checked if tokens are valid: true, expires at: 1759513244366
[debug] [2025-10-03T17:09:55.956Z] >>> [apiv2][query] GET https://developerconnect.googleapis.com/v1/projects/cortileum/locations/europe-west4/connections/apphosting-github-conn-dpb0lo:fetchLinkableGitRepositories pageSize=1000&pageToken=
[debug] [2025-10-03T17:09:57.330Z] <<< [apiv2][status] GET https://developerconnect.googleapis.com/v1/projects/cortileum/locations/europe-west4/connections/apphosting-github-conn-dpb0lo:fetchLinkableGitRepositories 200
[debug] [2025-10-03T17:09:57.330Z] <<< [apiv2][body] GET https://developerconnect.googleapis.com/v1/projects/cortileum/locations/europe-west4/connections/apphosting-github-conn-dpb0lo:fetchLinkableGitRepositories {"linkableGitRepositories":[{"cloneUri":"https://github.com/ferrefabio1987/andrea-vendola-dashboard.git"},{"cloneUri":"https://github.com/ferrefabio1987/archimedex.git"},{"cloneUri":"https://github.com/ferrefabio1987/archimedex-portfolio.git"},{"cloneUri":"https://github.com/ferrefabio1987/budget-tracker.git"},{"cloneUri":"https://github.com/ferrefabio1987/connect-hire.git"},{"cloneUri":"https://github.com/ferrefabio1987/dashboard-hussain.git"},{"cloneUri":"https://github.com/ferrefabio1987/ferrero-web.git"},{"cloneUri":"https://github.com/ferrefabio1987/ferrerofabio.git"},{"cloneUri":"https://github.com/ferrefabio1987/ferreroweb.git"},{"cloneUri":"https://github.com/ferrefabio1987/file-ai-finder.git"},{"cloneUri":"https://github.com/ferrefabio1987/hr-ai-dashboard.git"},{"cloneUri":"https://github.com/ferrefabio1987/hr-ai-website.git"},{"cloneUri":"https://github.com/ferrefabio1987/https-github.com-ferrefabio1987-blog.git"},{"cloneUri":"https://github.com/ferrefabio1987/hussain-harba-dashboard.git"},{"cloneUri":"https://github.com/ferrefabio1987/hussain-harba-store.git"},{"cloneUri":"https://github.com/ferrefabio1987/ikea-billy-analytics.git"},{"cloneUri":"https://github.com/ferrefabio1987/matrimonio.git"},{"cloneUri":"https://github.com/ferrefabio1987/nestegg.git"},{"cloneUri":"https://github.com/ferrefabio1987/next-starter-intl.git"},{"cloneUri":"https://github.com/ferrefabio1987/nextjs.git"},{"cloneUri":"https://github.com/ferrefabio1987/pc_app.git"},{"cloneUri":"https://github.com/ferrefabio1987/peonia.git"},{"cloneUri":"https://github.com/ferrefabio1987/product-dashboard.git"},{"cloneUri":"https://github.com/ferrefabio1987/qbeast-myjob.git"},{"cloneUri":"https://github.com/ferrefabio1987/reconciliation-dashboard.git"},{"cloneUri":"https://github.com/ferrefabio1987/site-hussain.git"},{"cloneUri":"https://github.com/ferrefabio1987/the-bull.git"},{"cloneUri":"https://github.com/ferrefabio1987/the-bull-dashboard.git"},{"cloneUri":"https://github.com/ferrefabio1987/ui-components.git"},{"cloneUri":"https://github.com/ferrefabio1987/webhook-twilio.git"},{"cloneUri":"https://github.com/ferrefabio1987/whatsapp-twilio.git"}]}
[info] i  Manage the Firebase App Hosting GitHub app to enable access to GitHub repositories 
[info] i  https://github.com/settings/installations/88580244 
[debug] [2025-10-03T17:10:51.105Z] Checked if tokens are valid: true, expires at: 1759513244366
[debug] [2025-10-03T17:10:51.105Z] Checked if tokens are valid: true, expires at: 1759513244366
[debug] [2025-10-03T17:10:51.106Z] >>> [apiv2][query] GET https://developerconnect.googleapis.com/v1/projects/cortileum/locations/europe-west4/connections/apphosting-github-conn-dpb0lo:fetchLinkableGitRepositories pageSize=1000&pageToken=
[debug] [2025-10-03T17:10:52.422Z] <<< [apiv2][status] GET https://developerconnect.googleapis.com/v1/projects/cortileum/locations/europe-west4/connections/apphosting-github-conn-dpb0lo:fetchLinkableGitRepositories 200
[debug] [2025-10-03T17:10:52.423Z] <<< [apiv2][body] GET https://developerconnect.googleapis.com/v1/projects/cortileum/locations/europe-west4/connections/apphosting-github-conn-dpb0lo:fetchLinkableGitRepositories {"linkableGitRepositories":[{"cloneUri":"https://github.com/ferrefabio1987/andrea-vendola-dashboard.git"},{"cloneUri":"https://github.com/ferrefabio1987/archimedex.git"},{"cloneUri":"https://github.com/ferrefabio1987/archimedex-portfolio.git"},{"cloneUri":"https://github.com/ferrefabio1987/budget-tracker.git"},{"cloneUri":"https://github.com/ferrefabio1987/connect-hire.git"},{"cloneUri":"https://github.com/ferrefabio1987/cortileum.git"},{"cloneUri":"https://github.com/ferrefabio1987/dashboard-hussain.git"},{"cloneUri":"https://github.com/ferrefabio1987/ferrero-web.git"},{"cloneUri":"https://github.com/ferrefabio1987/ferrerofabio.git"},{"cloneUri":"https://github.com/ferrefabio1987/ferreroweb.git"},{"cloneUri":"https://github.com/ferrefabio1987/file-ai-finder.git"},{"cloneUri":"https://github.com/ferrefabio1987/hr-ai-dashboard.git"},{"cloneUri":"https://github.com/ferrefabio1987/hr-ai-website.git"},{"cloneUri":"https://github.com/ferrefabio1987/https-github.com-ferrefabio1987-blog.git"},{"cloneUri":"https://github.com/ferrefabio1987/hussain-harba-dashboard.git"},{"cloneUri":"https://github.com/ferrefabio1987/hussain-harba-store.git"},{"cloneUri":"https://github.com/ferrefabio1987/ikea-billy-analytics.git"},{"cloneUri":"https://github.com/ferrefabio1987/matrimonio.git"},{"cloneUri":"https://github.com/ferrefabio1987/nestegg.git"},{"cloneUri":"https://github.com/ferrefabio1987/next-starter-intl.git"},{"cloneUri":"https://github.com/ferrefabio1987/nextjs.git"},{"cloneUri":"https://github.com/ferrefabio1987/pc_app.git"},{"cloneUri":"https://github.com/ferrefabio1987/peonia.git"},{"cloneUri":"https://github.com/ferrefabio1987/product-dashboard.git"},{"cloneUri":"https://github.com/ferrefabio1987/qbeast-myjob.git"},{"cloneUri":"https://github.com/ferrefabio1987/reconciliation-dashboard.git"},{"cloneUri":"https://github.com/ferrefabio1987/site-hussain.git"},{"cloneUri":"https://github.com/ferrefabio1987/the-bull.git"},{"cloneUri":"https://github.com/ferrefabio1987/the-bull-dashboard.git"},{"cloneUri":"https://github.com/ferrefabio1987/ui-components.git"},{"cloneUri":"https://github.com/ferrefabio1987/webhook-twilio.git"},{"cloneUri":"https://github.com/ferrefabio1987/whatsapp-twilio.git"}]}
[debug] [2025-10-03T17:10:56.698Z] Checked if tokens are valid: true, expires at: 1759513244366
[debug] [2025-10-03T17:10:56.698Z] Checked if tokens are valid: true, expires at: 1759513244366
[debug] [2025-10-03T17:10:56.698Z] >>> [apiv2][query] GET https://developerconnect.googleapis.com/v1/projects/cortileum/locations/europe-west4/connections/apphosting-github-conn-dpb0lo [none]
[debug] [2025-10-03T17:10:56.757Z] <<< [apiv2][status] GET https://developerconnect.googleapis.com/v1/projects/cortileum/locations/europe-west4/connections/apphosting-github-conn-dpb0lo 200
[debug] [2025-10-03T17:10:56.757Z] <<< [apiv2][body] GET https://developerconnect.googleapis.com/v1/projects/cortileum/locations/europe-west4/connections/apphosting-github-conn-dpb0lo {"name":"projects/cortileum/locations/europe-west4/connections/apphosting-github-conn-dpb0lo","createTime":"2025-10-03T17:09:54.292111247Z","updateTime":"2025-10-03T17:09:55.257587638Z","githubConfig":{"githubApp":"FIREBASE","authorizerCredential":{"oauthTokenSecretVersion":"projects/cortileum/secrets/firebase-app-hosting-github-oauth-github-oauthtoken-9b81dc/versions/latest","username":"ferrefabio1987"},"appInstallationId":"88580244","installationUri":"https://github.com/settings/installations/88580244"},"installationState":{"stage":"COMPLETE"},"uid":"a4173ed1-08ce-42e9-a6fe-c1d32c865cfc"}
[debug] [2025-10-03T17:10:56.758Z] Checked if tokens are valid: true, expires at: 1759513244366
[debug] [2025-10-03T17:10:56.758Z] Checked if tokens are valid: true, expires at: 1759513244366
[debug] [2025-10-03T17:10:56.758Z] >>> [apiv2][query] GET https://developerconnect.googleapis.com/v1/projects/cortileum/locations/europe-west4/connections/apphosting-github-conn-dpb0lo/gitRepositoryLinks/ferrefabio1987-cortileum [none]
[debug] [2025-10-03T17:10:56.810Z] <<< [apiv2][status] GET https://developerconnect.googleapis.com/v1/projects/cortileum/locations/europe-west4/connections/apphosting-github-conn-dpb0lo/gitRepositoryLinks/ferrefabio1987-cortileum 404
[debug] [2025-10-03T17:10:56.811Z] <<< [apiv2][body] GET https://developerconnect.googleapis.com/v1/projects/cortileum/locations/europe-west4/connections/apphosting-github-conn-dpb0lo/gitRepositoryLinks/ferrefabio1987-cortileum {"error":{"code":404,"message":"Resource 'projects/cortileum/locations/europe-west4/connections/apphosting-github-conn-dpb0lo/gitRepositoryLinks/ferrefabio1987-cortileum' was not found","status":"NOT_FOUND","details":[{"@type":"type.googleapis.com/google.rpc.ResourceInfo","resourceName":"projects/cortileum/locations/europe-west4/connections/apphosting-github-conn-dpb0lo/gitRepositoryLinks/ferrefabio1987-cortileum"}]}}
[debug] [2025-10-03T17:10:56.811Z] Checked if tokens are valid: true, expires at: 1759513244366
[debug] [2025-10-03T17:10:56.812Z] Checked if tokens are valid: true, expires at: 1759513244366
[debug] [2025-10-03T17:10:56.812Z] >>> [apiv2][query] POST https://developerconnect.googleapis.com/v1/projects/cortileum/locations/europe-west4/connections/apphosting-github-conn-dpb0lo/gitRepositoryLinks gitRepositoryLinkId=ferrefabio1987-cortileum
[debug] [2025-10-03T17:10:56.812Z] >>> [apiv2][body] POST https://developerconnect.googleapis.com/v1/projects/cortileum/locations/europe-west4/connections/apphosting-github-conn-dpb0lo/gitRepositoryLinks {"cloneUri":"https://github.com/ferrefabio1987/cortileum.git"}
[debug] [2025-10-03T17:10:56.912Z] <<< [apiv2][status] POST https://developerconnect.googleapis.com/v1/projects/cortileum/locations/europe-west4/connections/apphosting-github-conn-dpb0lo/gitRepositoryLinks 200
[debug] [2025-10-03T17:10:56.912Z] <<< [apiv2][body] POST https://developerconnect.googleapis.com/v1/projects/cortileum/locations/europe-west4/connections/apphosting-github-conn-dpb0lo/gitRepositoryLinks {"name":"projects/cortileum/locations/europe-west4/operations/operation-1759511456907-640442f5dff11-5ae9f821-a8ecf9e0","metadata":{"@type":"type.googleapis.com/google.cloud.developerconnect.v1.OperationMetadata","createTime":"2025-10-03T17:10:56.921849359Z","target":"projects/cortileum/locations/europe-west4/connections/apphosting-github-conn-dpb0lo/gitRepositoryLinks/ferrefabio1987-cortileum","verb":"create","requestedCancellation":false,"apiVersion":"v1"},"done":false}
[debug] [2025-10-03T17:10:56.912Z] Checked if tokens are valid: true, expires at: 1759513244366
[debug] [2025-10-03T17:10:56.913Z] Checked if tokens are valid: true, expires at: 1759513244366
[debug] [2025-10-03T17:10:56.913Z] >>> [apiv2][query] GET https://developerconnect.googleapis.com/v1/projects/cortileum/locations/europe-west4/operations/operation-1759511456907-640442f5dff11-5ae9f821-a8ecf9e0 [none]
[debug] [2025-10-03T17:10:56.959Z] <<< [apiv2][status] GET https://developerconnect.googleapis.com/v1/projects/cortileum/locations/europe-west4/operations/operation-1759511456907-640442f5dff11-5ae9f821-a8ecf9e0 200
[debug] [2025-10-03T17:10:56.959Z] <<< [apiv2][body] GET https://developerconnect.googleapis.com/v1/projects/cortileum/locations/europe-west4/operations/operation-1759511456907-640442f5dff11-5ae9f821-a8ecf9e0 {"name":"projects/cortileum/locations/europe-west4/operations/operation-1759511456907-640442f5dff11-5ae9f821-a8ecf9e0","metadata":{"@type":"type.googleapis.com/google.cloud.developerconnect.v1.OperationMetadata","createTime":"2025-10-03T17:10:56.921849359Z","target":"projects/cortileum/locations/europe-west4/connections/apphosting-github-conn-dpb0lo/gitRepositoryLinks/ferrefabio1987-cortileum","verb":"create","requestedCancellation":false,"apiVersion":"v1"},"done":false}
[debug] [2025-10-03T17:10:57.461Z] [create-europe-west4-apphosting-github-conn-dpb0lo-ferrefabio1987-cortileum] Retrying task index 0
[debug] [2025-10-03T17:10:57.462Z] Checked if tokens are valid: true, expires at: 1759513244366
[debug] [2025-10-03T17:10:57.462Z] Checked if tokens are valid: true, expires at: 1759513244366
[debug] [2025-10-03T17:10:57.463Z] >>> [apiv2][query] GET https://developerconnect.googleapis.com/v1/projects/cortileum/locations/europe-west4/operations/operation-1759511456907-640442f5dff11-5ae9f821-a8ecf9e0 [none]
[debug] [2025-10-03T17:10:57.512Z] <<< [apiv2][status] GET https://developerconnect.googleapis.com/v1/projects/cortileum/locations/europe-west4/operations/operation-1759511456907-640442f5dff11-5ae9f821-a8ecf9e0 200
[debug] [2025-10-03T17:10:57.512Z] <<< [apiv2][body] GET https://developerconnect.googleapis.com/v1/projects/cortileum/locations/europe-west4/operations/operation-1759511456907-640442f5dff11-5ae9f821-a8ecf9e0 {"name":"projects/cortileum/locations/europe-west4/operations/operation-1759511456907-640442f5dff11-5ae9f821-a8ecf9e0","metadata":{"@type":"type.googleapis.com/google.cloud.developerconnect.v1.OperationMetadata","createTime":"2025-10-03T17:10:56.921849359Z","target":"projects/cortileum/locations/europe-west4/connections/apphosting-github-conn-dpb0lo/gitRepositoryLinks/ferrefabio1987-cortileum","verb":"create","requestedCancellation":false,"apiVersion":"v1"},"done":false}
[debug] [2025-10-03T17:10:58.514Z] [create-europe-west4-apphosting-github-conn-dpb0lo-ferrefabio1987-cortileum] Retrying task index 0
[debug] [2025-10-03T17:10:58.515Z] Checked if tokens are valid: true, expires at: 1759513244366
[debug] [2025-10-03T17:10:58.516Z] Checked if tokens are valid: true, expires at: 1759513244366
[debug] [2025-10-03T17:10:58.516Z] >>> [apiv2][query] GET https://developerconnect.googleapis.com/v1/projects/cortileum/locations/europe-west4/operations/operation-1759511456907-640442f5dff11-5ae9f821-a8ecf9e0 [none]
[debug] [2025-10-03T17:10:58.569Z] <<< [apiv2][status] GET https://developerconnect.googleapis.com/v1/projects/cortileum/locations/europe-west4/operations/operation-1759511456907-640442f5dff11-5ae9f821-a8ecf9e0 200
[debug] [2025-10-03T17:10:58.569Z] <<< [apiv2][body] GET https://developerconnect.googleapis.com/v1/projects/cortileum/locations/europe-west4/operations/operation-1759511456907-640442f5dff11-5ae9f821-a8ecf9e0 {"name":"projects/cortileum/locations/europe-west4/operations/operation-1759511456907-640442f5dff11-5ae9f821-a8ecf9e0","metadata":{"@type":"type.googleapis.com/google.cloud.developerconnect.v1.OperationMetadata","createTime":"2025-10-03T17:10:56.921849359Z","endTime":"2025-10-03T17:10:57.565000867Z","target":"projects/cortileum/locations/europe-west4/connections/apphosting-github-conn-dpb0lo/gitRepositoryLinks/ferrefabio1987-cortileum","verb":"create","requestedCancellation":false,"apiVersion":"v1"},"done":true,"response":{"@type":"type.googleapis.com/google.cloud.developerconnect.v1.GitRepositoryLink","name":"projects/cortileum/locations/europe-west4/connections/apphosting-github-conn-dpb0lo/gitRepositoryLinks/ferrefabio1987-cortileum","cloneUri":"https://github.com/ferrefabio1987/cortileum.git","createTime":"2025-10-03T17:10:56.916656190Z","updateTime":"2025-10-03T17:10:56.916656190Z"}}
[debug] [2025-10-03T17:11:02.451Z] Checked if tokens are valid: true, expires at: 1759513244366
[debug] [2025-10-03T17:11:02.451Z] Checked if tokens are valid: true, expires at: 1759513244366
[debug] [2025-10-03T17:11:02.452Z] >>> [apiv2][query] GET https://developerconnect.googleapis.com/v1/projects/cortileum/locations/europe-west4/connections/apphosting-github-conn-dpb0lo/gitRepositoryLinks/ferrefabio1987-cortileum:fetchGitRefs refType=BRANCH&pageSize=1000&pageToken=
[debug] [2025-10-03T17:11:02.901Z] <<< [apiv2][status] GET https://developerconnect.googleapis.com/v1/projects/cortileum/locations/europe-west4/connections/apphosting-github-conn-dpb0lo/gitRepositoryLinks/ferrefabio1987-cortileum:fetchGitRefs 200
[debug] [2025-10-03T17:11:02.901Z] <<< [apiv2][body] GET https://developerconnect.googleapis.com/v1/projects/cortileum/locations/europe-west4/connections/apphosting-github-conn-dpb0lo/gitRepositoryLinks/ferrefabio1987-cortileum:fetchGitRefs {}
